[debug] [2023-04-24T23:16:14.361Z] ----------------------------------------------------------------------
[debug] [2023-04-24T23:16:14.362Z] Command:       C:\Program Files\nodejs\node.exe C:\Program Files\nodejs\node_modules\firebase-tools\lib\bin\firebase.js init
[debug] [2023-04-24T23:16:14.362Z] CLI Version:   11.28.0
[debug] [2023-04-24T23:16:14.362Z] Platform:      win32
[debug] [2023-04-24T23:16:14.362Z] Node Version:  v16.16.0
[debug] [2023-04-24T23:16:14.363Z] Time:          Mon Apr 24 2023 17:16:14 GMT-0600 (hora estándar central)
[debug] [2023-04-24T23:16:14.363Z] ----------------------------------------------------------------------
[debug] 
[debug] [2023-04-24T23:16:14.365Z] >>> [apiv2][query] GET https://firebase-public.firebaseio.com/cli.json [none]
[debug] [2023-04-24T23:16:14.378Z] > command requires scopes: ["email","openid","https://www.googleapis.com/auth/cloudplatformprojects.readonly","https://www.googleapis.com/auth/firebase","https://www.googleapis.com/auth/cloud-platform"]
[debug] [2023-04-24T23:16:14.378Z] > authorizing via signed-in user (kcurruchichx@miumg.edu.gt)
[info] 
     ######## #### ########  ######## ########     ###     ######  ########
     ##        ##  ##     ## ##       ##     ##  ##   ##  ##       ##
     ######    ##  ########  ######   ########  #########  ######  ######
     ##        ##  ##    ##  ##       ##     ## ##     ##       ## ##
     ##       #### ##     ## ######## ########  ##     ##  ######  ########

You're about to initialize a Firebase project in this directory:

  C:\Users\andre\proyects\sbg-admin-frontend

[debug] [2023-04-24T23:16:14.674Z] <<< [apiv2][status] GET https://firebase-public.firebaseio.com/cli.json 200
[debug] [2023-04-24T23:16:14.674Z] <<< [apiv2][body] GET https://firebase-public.firebaseio.com/cli.json {"cloudBuildErrorAfter":1594252800000,"cloudBuildWarnAfter":1590019200000,"defaultNode10After":1594252800000,"minVersion":"3.0.5","node8DeploysDisabledAfter":1613390400000,"node8RuntimeDisabledAfter":1615809600000,"node8WarnAfter":1600128000000}
